<?xml version="1.0" encoding="UTF-8"?>
<!-- Generated by org.testng.reporters.JUnitXMLReporter -->
<testsuite ignored="5" hostname="DESKTOP-U6D9EGH" failures="0" tests="1" name="Chrometest" time="2.393" errors="0" timestamp="13 Mar 2023 15:46:21 GMT">
  <testcase classname="BaseClass.BaseClass" name="@BeforeMethod launchBrowser" time="2.352">
    <failure type="org.openqa.selenium.remote.http.ConnectionFailedException" message="Unable to establish websocket connection to http://localhost:62844/devtools/browser/2af05821-a58b-4634-8a88-449a294d6368
Build info: version: &amp;apos;4.4.0&amp;apos;, revision: &amp;apos;e5c75ed026a&amp;apos;
System info: host: &amp;apos;DESKTOP-U6D9EGH&amp;apos;, ip: &amp;apos;192.168.1.3&amp;apos;, os.name: &amp;apos;Windows 11&amp;apos;, os.arch: &amp;apos;amd64&amp;apos;, os.version: &amp;apos;10.0&amp;apos;, java.version: &amp;apos;11.0.17&amp;apos;
Driver info: driver.version: ChromeDriver">
      <![CDATA[org.openqa.selenium.remote.http.ConnectionFailedException: Unable to establish websocket connection to http://localhost:62844/devtools/browser/2af05821-a58b-4634-8a88-449a294d6368
Build info: version: '4.4.0', revision: 'e5c75ed026a'
System info: host: 'DESKTOP-U6D9EGH', ip: '192.168.1.3', os.name: 'Windows 11', os.arch: 'amd64', os.version: '10.0', java.version: '11.0.17'
Driver info: driver.version: ChromeDriver
at org.openqa.selenium.remote.http.netty.NettyWebSocket.<init>(NettyWebSocket.java:102)
at org.openqa.selenium.remote.http.netty.NettyWebSocket.lambda$create$3(NettyWebSocket.java:128)
at org.openqa.selenium.remote.http.netty.NettyClient.openSocket(NettyClient.java:106)
at org.openqa.selenium.devtools.Connection.<init>(Connection.java:77)
at org.openqa.selenium.chromium.ChromiumDriver.lambda$new$2(ChromiumDriver.java:116)
at java.base/java.util.Optional.map(Optional.java:265)
at org.openqa.selenium.chromium.ChromiumDriver.<init>(ChromiumDriver.java:114)
at org.openqa.selenium.chrome.ChromeDriver.<init>(ChromeDriver.java:81)
at org.openqa.selenium.chrome.ChromeDriver.<init>(ChromeDriver.java:49)
at BaseClass.BaseClass.initialize(BaseClass.java:41)
at BaseClass.BaseClass.launchBrowser(BaseClass.java:70)
... Removed 28 stack frames]]>
    </failure>
  </testcase> <!-- @BeforeMethod launchBrowser -->
  <testcase classname="BaseClass.BaseClass" name="@AfterMethod afterMethod" time="0.006">
    <failure type="java.lang.NullPointerException">
      <![CDATA[java.lang.NullPointerException
at BaseClass.BaseClass.afterMethod(BaseClass.java:80)
... Removed 28 stack frames]]>
    </failure>
  </testcase> <!-- @AfterMethod afterMethod -->
  <testcase classname="testCases.LoginTestCases" name="verifyLoginForValidUser" time="0.0">
    <skipped/>
  </testcase> <!-- verifyLoginForValidUser -->
  <testcase classname="testCases.LoginTestCases" name="verifySignInButtonText" time="0.0">
    <ignored/>
  </testcase> <!-- verifySignInButtonText -->
  <testcase classname="testCases.LoginTestCases" name="verifyLoginForInValidUser" time="0.0">
    <ignored/>
  </testcase> <!-- verifyLoginForInValidUser -->
  <testcase classname="testCases.LoginTestCases" name="verifyLoginForInValidUserwithExcelDataProvider" time="0.0">
    <ignored/>
  </testcase> <!-- verifyLoginForInValidUserwithExcelDataProvider -->
  <testcase classname="testCases.LoginTestCases" name="verifyCheckBox" time="0.0">
    <ignored/>
  </testcase> <!-- verifyCheckBox -->
  <testcase classname="testCases.LoginTestCases" name="verifySignInButtonColor" time="0.0">
    <ignored/>
  </testcase> <!-- verifySignInButtonColor -->
</testsuite> <!-- Chrometest -->
